  [1m[35m (12.0ms)[0m  [1m[35mSET NAMES utf8,  @@SESSION.sql_mode = CONCAT(CONCAT(@@sql_mode, ',STRICT_ALL_TABLES'), ',NO_AUTO_VALUE_ON_ZERO'),  @@SESSION.sql_auto_is_null = 0, @@SESSION.wait_timeout = 2147483[0m
  [1m[35m (7.0ms)[0m  [1m[35mCREATE DATABASE `chat_app_development` DEFAULT CHARACTER SET `utf8`[0m
  [1m[35m (0.2ms)[0m  [1m[35mSET NAMES utf8,  @@SESSION.sql_mode = CONCAT(CONCAT(@@sql_mode, ',STRICT_ALL_TABLES'), ',NO_AUTO_VALUE_ON_ZERO'),  @@SESSION.sql_auto_is_null = 0, @@SESSION.wait_timeout = 2147483[0m
  [1m[35m (0.6ms)[0m  [1m[35mCREATE DATABASE `chat_app_test` DEFAULT CHARACTER SET `utf8`[0m
Started GET "/" for ::1 at 2021-04-04 11:58:02 +0900
  [1m[35m (11.8ms)[0m  [1m[35mSET NAMES utf8,  @@SESSION.sql_mode = CONCAT(CONCAT(@@sql_mode, ',STRICT_ALL_TABLES'), ',NO_AUTO_VALUE_ON_ZERO'),  @@SESSION.sql_auto_is_null = 0, @@SESSION.wait_timeout = 2147483[0m
Processing by Rails::WelcomeController#index as HTML
  Rendering /Users/takaihiroko/.rbenv/versions/2.6.5/lib/ruby/gems/2.6.0/gems/railties-6.0.3.6/lib/rails/templates/rails/welcome/index.html.erb
  Rendered /Users/takaihiroko/.rbenv/versions/2.6.5/lib/ruby/gems/2.6.0/gems/railties-6.0.3.6/lib/rails/templates/rails/welcome/index.html.erb (Duration: 9.0ms | Allocations: 482)
Completed 200 OK in 29ms (Views: 17.7ms | ActiveRecord: 0.0ms | Allocations: 2899)


Started GET "/" for ::1 at 2021-04-04 13:23:37 +0900
  [1m[35m (1.0ms)[0m  [1m[35mSET NAMES utf8,  @@SESSION.sql_mode = CONCAT(CONCAT(@@sql_mode, ',STRICT_ALL_TABLES'), ',NO_AUTO_VALUE_ON_ZERO'),  @@SESSION.sql_auto_is_null = 0, @@SESSION.wait_timeout = 2147483[0m
Processing by MessagesController#index as HTML
  Rendering messages/index.html.erb within layouts/application
  Rendered messages/index.html.erb within layouts/application (Duration: 1.6ms | Allocations: 202)
[Webpacker] Compiling...
[Webpacker] Compiled all packs in /Users/takaihiroko/projects/chat-app/public/packs
[Webpacker] Hash: ef270c56fa66020c9089
Version: webpack 4.46.0
Time: 1752ms
Built at: 2021/04/04 13:23:42
                                     Asset       Size       Chunks                         Chunk Names
    js/application-e88c6c3304a15e6886b6.js    124 KiB  application  [emitted] [immutable]  application
js/application-e88c6c3304a15e6886b6.js.map    139 KiB  application  [emitted] [dev]        application
                             manifest.json  364 bytes               [emitted]              
Entrypoint application = js/application-e88c6c3304a15e6886b6.js js/application-e88c6c3304a15e6886b6.js.map
[./app/javascript/channels sync recursive _channel\.js$] ./app/javascript/channels sync _channel\.js$ 160 bytes {application} [built]
[./app/javascript/channels/index.js] 211 bytes {application} [built]
[./app/javascript/packs/application.js] 749 bytes {application} [built]
[./node_modules/webpack/buildin/module.js] (webpack)/buildin/module.js 552 bytes {application} [built]
    + 3 hidden modules

Completed 200 OK in 4949ms (Views: 4940.7ms | ActiveRecord: 0.0ms | Allocations: 1437400)


Started GET "/" for ::1 at 2021-04-04 16:30:09 +0900
  [1m[35m (0.8ms)[0m  [1m[35mSET NAMES utf8,  @@SESSION.sql_mode = CONCAT(CONCAT(@@sql_mode, ',STRICT_ALL_TABLES'), ',NO_AUTO_VALUE_ON_ZERO'),  @@SESSION.sql_auto_is_null = 0, @@SESSION.wait_timeout = 2147483[0m
Processing by MessagesController#index as HTML
  Rendering messages/index.html.erb within layouts/application
  Rendered messages/_side_bar.html.erb (Duration: 0.9ms | Allocations: 86)
  Rendered messages/_main_chat.html.erb (Duration: 0.3ms | Allocations: 82)
  Rendered messages/index.html.erb within layouts/application (Duration: 4.8ms | Allocations: 716)
[Webpacker] Everything's up-to-date. Nothing to do
Completed 200 OK in 44ms (Views: 38.7ms | ActiveRecord: 0.0ms | Allocations: 8811)


Started GET "/" for ::1 at 2021-04-04 18:06:42 +0900
  [1m[35m (1.2ms)[0m  [1m[35mSET NAMES utf8,  @@SESSION.sql_mode = CONCAT(CONCAT(@@sql_mode, ',STRICT_ALL_TABLES'), ',NO_AUTO_VALUE_ON_ZERO'),  @@SESSION.sql_auto_is_null = 0, @@SESSION.wait_timeout = 2147483[0m
Processing by MessagesController#index as HTML
  Rendering messages/index.html.erb within layouts/application
  Rendered messages/_side_bar.html.erb (Duration: 0.3ms | Allocations: 73)
  Rendered messages/_main_chat.html.erb (Duration: 0.2ms | Allocations: 72)
  Rendered messages/index.html.erb within layouts/application (Duration: 3.2ms | Allocations: 685)
[Webpacker] Everything's up-to-date. Nothing to do
Completed 200 OK in 44ms (Views: 40.7ms | ActiveRecord: 0.0ms | Allocations: 9188)


Started GET "/" for ::1 at 2021-04-06 19:56:03 +0900
  [1m[35m (5.1ms)[0m  [1m[35mSET NAMES utf8,  @@SESSION.sql_mode = CONCAT(CONCAT(@@sql_mode, ',STRICT_ALL_TABLES'), ',NO_AUTO_VALUE_ON_ZERO'),  @@SESSION.sql_auto_is_null = 0, @@SESSION.wait_timeout = 2147483[0m
Processing by MessagesController#index as HTML
  Rendering messages/index.html.erb within layouts/application
  Rendered messages/_side_bar.html.erb (Duration: 3.9ms | Allocations: 92)
  Rendered messages/_main_chat.html.erb (Duration: 1.5ms | Allocations: 87)
  Rendered messages/index.html.erb within layouts/application (Duration: 10.7ms | Allocations: 711)
[Webpacker] Everything's up-to-date. Nothing to do
Completed 200 OK in 88ms (Views: 74.4ms | ActiveRecord: 0.0ms | Allocations: 9348)


Started GET "/" for ::1 at 2021-04-06 19:56:17 +0900
Processing by MessagesController#index as HTML
  Rendering messages/index.html.erb within layouts/application
  Rendered messages/_side_bar.html.erb (Duration: 0.0ms | Allocations: 6)
  Rendered messages/_main_chat.html.erb (Duration: 0.0ms | Allocations: 5)
  Rendered messages/index.html.erb within layouts/application (Duration: 0.9ms | Allocations: 147)
[Webpacker] Everything's up-to-date. Nothing to do
Completed 200 OK in 35ms (Views: 33.3ms | ActiveRecord: 0.0ms | Allocations: 8012)


Started GET "/" for ::1 at 2021-04-06 19:56:25 +0900
Processing by MessagesController#index as HTML
  Rendering messages/index.html.erb within layouts/application
  Rendered messages/_side_bar.html.erb (Duration: 0.0ms | Allocations: 6)
  Rendered messages/_main_chat.html.erb (Duration: 0.0ms | Allocations: 5)
  Rendered messages/index.html.erb within layouts/application (Duration: 0.9ms | Allocations: 148)
[Webpacker] Everything's up-to-date. Nothing to do
Completed 200 OK in 20ms (Views: 18.3ms | ActiveRecord: 0.0ms | Allocations: 5317)


Started GET "/" for ::1 at 2021-04-06 19:56:26 +0900
Processing by MessagesController#index as HTML
  Rendering messages/index.html.erb within layouts/application
  Rendered messages/_side_bar.html.erb (Duration: 0.0ms | Allocations: 6)
  Rendered messages/_main_chat.html.erb (Duration: 0.0ms | Allocations: 5)
  Rendered messages/index.html.erb within layouts/application (Duration: 0.4ms | Allocations: 147)
[Webpacker] Everything's up-to-date. Nothing to do
Completed 200 OK in 12ms (Views: 10.7ms | ActiveRecord: 0.0ms | Allocations: 5244)


Started GET "/" for ::1 at 2021-04-06 20:12:06 +0900
  [1m[35m (0.2ms)[0m  [1m[35mSET NAMES utf8,  @@SESSION.sql_mode = CONCAT(CONCAT(@@sql_mode, ',STRICT_ALL_TABLES'), ',NO_AUTO_VALUE_ON_ZERO'),  @@SESSION.sql_auto_is_null = 0, @@SESSION.wait_timeout = 2147483[0m
Processing by MessagesController#index as HTML
  Rendering messages/index.html.erb within layouts/application
  Rendered messages/_side_bar.html.erb (Duration: 2.8ms | Allocations: 93)
  Rendered messages/_main_chat.html.erb (Duration: 0.8ms | Allocations: 86)
  Rendered messages/index.html.erb within layouts/application (Duration: 8.8ms | Allocations: 709)
[Webpacker] Everything's up-to-date. Nothing to do
Completed 200 OK in 53ms (Views: 47.7ms | ActiveRecord: 0.0ms | Allocations: 6725)


Started GET "/" for ::1 at 2021-04-06 20:12:59 +0900
Processing by MessagesController#index as HTML
  Rendering messages/index.html.erb within layouts/application
  Rendered messages/_side_bar.html.erb (Duration: 0.0ms | Allocations: 6)
  Rendered messages/_main_chat.html.erb (Duration: 0.0ms | Allocations: 5)
  Rendered messages/index.html.erb within layouts/application (Duration: 0.4ms | Allocations: 148)
[Webpacker] Everything's up-to-date. Nothing to do
Completed 200 OK in 39ms (Views: 36.8ms | ActiveRecord: 0.0ms | Allocations: 8025)


Started GET "/" for ::1 at 2021-04-06 20:13:01 +0900
Processing by MessagesController#index as HTML
  Rendering messages/index.html.erb within layouts/application
  Rendered messages/_side_bar.html.erb (Duration: 0.0ms | Allocations: 6)
  Rendered messages/_main_chat.html.erb (Duration: 0.0ms | Allocations: 5)
  Rendered messages/index.html.erb within layouts/application (Duration: 0.4ms | Allocations: 147)
[Webpacker] Everything's up-to-date. Nothing to do
Completed 200 OK in 13ms (Views: 12.4ms | ActiveRecord: 0.0ms | Allocations: 5265)


Started GET "/" for ::1 at 2021-04-06 20:13:02 +0900
Processing by MessagesController#index as HTML
  Rendering messages/index.html.erb within layouts/application
  Rendered messages/_side_bar.html.erb (Duration: 0.0ms | Allocations: 6)
  Rendered messages/_main_chat.html.erb (Duration: 0.0ms | Allocations: 5)
  Rendered messages/index.html.erb within layouts/application (Duration: 0.4ms | Allocations: 147)
[Webpacker] Everything's up-to-date. Nothing to do
Completed 200 OK in 12ms (Views: 10.9ms | ActiveRecord: 0.0ms | Allocations: 5256)


Started GET "/" for ::1 at 2021-04-06 20:16:30 +0900
Processing by MessagesController#index as HTML
  Rendering messages/index.html.erb within layouts/application
  Rendered messages/_side_bar.html.erb (Duration: 0.0ms | Allocations: 6)
  Rendered messages/_main_chat.html.erb (Duration: 0.0ms | Allocations: 5)
  Rendered messages/index.html.erb within layouts/application (Duration: 0.3ms | Allocations: 147)
[Webpacker] Everything's up-to-date. Nothing to do
Completed 200 OK in 14ms (Views: 13.7ms | ActiveRecord: 0.0ms | Allocations: 5258)


Started GET "/" for ::1 at 2021-04-06 20:16:31 +0900
Processing by MessagesController#index as HTML
  Rendering messages/index.html.erb within layouts/application
  Rendered messages/_side_bar.html.erb (Duration: 0.3ms | Allocations: 94)
  Rendered messages/_main_chat.html.erb (Duration: 0.6ms | Allocations: 86)
  Rendered messages/index.html.erb within layouts/application (Duration: 2.9ms | Allocations: 710)
[Webpacker] Everything's up-to-date. Nothing to do
Completed 200 OK in 21ms (Views: 18.8ms | ActiveRecord: 0.0ms | Allocations: 6724)


Started GET "/" for ::1 at 2021-04-06 20:18:23 +0900
Processing by MessagesController#index as HTML
  Rendering messages/index.html.erb within layouts/application
  Rendered messages/_side_bar.html.erb (Duration: 0.0ms | Allocations: 6)
  Rendered messages/_main_chat.html.erb (Duration: 0.0ms | Allocations: 5)
  Rendered messages/index.html.erb within layouts/application (Duration: 0.3ms | Allocations: 147)
[Webpacker] Everything's up-to-date. Nothing to do
Completed 200 OK in 27ms (Views: 26.4ms | ActiveRecord: 0.0ms | Allocations: 8447)


Started GET "/" for ::1 at 2021-04-06 20:18:58 +0900
Processing by MessagesController#index as HTML
  Rendering messages/index.html.erb within layouts/application
  Rendered messages/_side_bar.html.erb (Duration: 0.0ms | Allocations: 6)
  Rendered messages/_main_chat.html.erb (Duration: 0.0ms | Allocations: 5)
  Rendered messages/index.html.erb within layouts/application (Duration: 0.4ms | Allocations: 147)
[Webpacker] Everything's up-to-date. Nothing to do
Completed 200 OK in 25ms (Views: 24.3ms | ActiveRecord: 0.0ms | Allocations: 8009)


Started GET "/" for ::1 at 2021-04-06 20:19:21 +0900
Processing by MessagesController#index as HTML
  Rendering messages/index.html.erb within layouts/application
  Rendered messages/_side_bar.html.erb (Duration: 0.4ms | Allocations: 94)
  Rendered messages/_main_chat.html.erb (Duration: 0.6ms | Allocations: 86)
  Rendered messages/index.html.erb within layouts/application (Duration: 2.9ms | Allocations: 710)
[Webpacker] Everything's up-to-date. Nothing to do
Completed 200 OK in 88ms (Views: 85.2ms | ActiveRecord: 0.0ms | Allocations: 6730)


Started GET "/" for ::1 at 2021-04-06 20:20:38 +0900
Processing by MessagesController#index as HTML
  Rendering messages/index.html.erb within layouts/application
  Rendered messages/_side_bar.html.erb (Duration: 0.0ms | Allocations: 6)
  Rendered messages/_main_chat.html.erb (Duration: 0.0ms | Allocations: 5)
  Rendered messages/index.html.erb within layouts/application (Duration: 0.4ms | Allocations: 147)
[Webpacker] Everything's up-to-date. Nothing to do
Completed 200 OK in 25ms (Views: 24.4ms | ActiveRecord: 0.0ms | Allocations: 8405)


Started GET "/" for ::1 at 2021-04-06 20:21:41 +0900
Processing by MessagesController#index as HTML
  Rendering messages/index.html.erb within layouts/application
  Rendered messages/_side_bar.html.erb (Duration: 0.0ms | Allocations: 6)
  Rendered messages/_main_chat.html.erb (Duration: 0.0ms | Allocations: 5)
  Rendered messages/index.html.erb within layouts/application (Duration: 0.4ms | Allocations: 147)
[Webpacker] Everything's up-to-date. Nothing to do
Completed 200 OK in 12ms (Views: 11.6ms | ActiveRecord: 0.0ms | Allocations: 5273)


Started GET "/" for ::1 at 2021-04-06 20:26:05 +0900
Processing by MessagesController#index as HTML
  Rendering messages/index.html.erb within layouts/application
  Rendered messages/_side_bar.html.erb (Duration: 0.6ms | Allocations: 102)
  Rendered messages/_main_chat.html.erb (Duration: 0.6ms | Allocations: 86)
  Rendered messages/index.html.erb within layouts/application (Duration: 3.1ms | Allocations: 725)
[Webpacker] Everything's up-to-date. Nothing to do
Completed 200 OK in 33ms (Views: 31.4ms | ActiveRecord: 0.0ms | Allocations: 9512)


Started GET "/" for ::1 at 2021-04-06 20:26:54 +0900
Processing by MessagesController#index as HTML
  Rendering messages/index.html.erb within layouts/application
  Rendered messages/_side_bar.html.erb (Duration: 0.0ms | Allocations: 6)
  Rendered messages/_main_chat.html.erb (Duration: 0.0ms | Allocations: 5)
  Rendered messages/index.html.erb within layouts/application (Duration: 0.4ms | Allocations: 147)
[Webpacker] Everything's up-to-date. Nothing to do
Completed 200 OK in 22ms (Views: 21.3ms | ActiveRecord: 0.0ms | Allocations: 8016)


Started GET "/" for ::1 at 2021-04-06 20:38:42 +0900
  [1m[35m (0.8ms)[0m  [1m[35mSET NAMES utf8,  @@SESSION.sql_mode = CONCAT(CONCAT(@@sql_mode, ',STRICT_ALL_TABLES'), ',NO_AUTO_VALUE_ON_ZERO'),  @@SESSION.sql_auto_is_null = 0, @@SESSION.wait_timeout = 2147483[0m
Processing by MessagesController#index as HTML
  Rendering messages/index.html.erb within layouts/application
  Rendered messages/_side_bar.html.erb (Duration: 0.4ms | Allocations: 101)
  Rendered messages/_main_chat.html.erb (Duration: 0.5ms | Allocations: 92)
  Rendered messages/index.html.erb within layouts/application (Duration: 4.7ms | Allocations: 723)
[Webpacker] Everything's up-to-date. Nothing to do
Completed 200 OK in 36ms (Views: 31.1ms | ActiveRecord: 0.0ms | Allocations: 6746)


Started GET "/" for ::1 at 2021-04-06 20:39:05 +0900
Processing by MessagesController#index as HTML
  Rendering messages/index.html.erb within layouts/application
  Rendered messages/_side_bar.html.erb (Duration: 0.0ms | Allocations: 6)
  Rendered messages/_main_chat.html.erb (Duration: 0.0ms | Allocations: 5)
  Rendered messages/index.html.erb within layouts/application (Duration: 0.4ms | Allocations: 147)
[Webpacker] Everything's up-to-date. Nothing to do
Completed 200 OK in 22ms (Views: 20.5ms | ActiveRecord: 0.0ms | Allocations: 8022)


Started GET "/" for ::1 at 2021-04-06 20:39:06 +0900
Processing by MessagesController#index as HTML
  Rendering messages/index.html.erb within layouts/application
  Rendered messages/_side_bar.html.erb (Duration: 0.0ms | Allocations: 6)
  Rendered messages/_main_chat.html.erb (Duration: 0.0ms | Allocations: 5)
  Rendered messages/index.html.erb within layouts/application (Duration: 0.4ms | Allocations: 147)
[Webpacker] Everything's up-to-date. Nothing to do
Completed 200 OK in 8ms (Views: 7.7ms | ActiveRecord: 0.0ms | Allocations: 5255)


Started GET "/" for ::1 at 2021-04-06 20:39:56 +0900
Processing by MessagesController#index as HTML
  Rendering messages/index.html.erb within layouts/application
  Rendered messages/_side_bar.html.erb (Duration: 0.0ms | Allocations: 6)
  Rendered messages/_main_chat.html.erb (Duration: 0.0ms | Allocations: 5)
  Rendered messages/index.html.erb within layouts/application (Duration: 0.3ms | Allocations: 147)
[Webpacker] Everything's up-to-date. Nothing to do
Completed 200 OK in 15ms (Views: 14.2ms | ActiveRecord: 0.0ms | Allocations: 5288)


Started GET "/" for ::1 at 2021-04-06 20:41:21 +0900
Processing by MessagesController#index as HTML
  Rendering messages/index.html.erb within layouts/application
  Rendered messages/_side_bar.html.erb (Duration: 0.3ms | Allocations: 101)
  Rendered messages/_main_chat.html.erb (Duration: 0.3ms | Allocations: 98)
  Rendered messages/index.html.erb within layouts/application (Duration: 2.2ms | Allocations: 729)
[Webpacker] Everything's up-to-date. Nothing to do
Completed 200 OK in 12ms (Views: 10.7ms | ActiveRecord: 0.0ms | Allocations: 6731)


Started GET "/" for ::1 at 2021-04-06 20:41:51 +0900
Processing by MessagesController#index as HTML
  Rendering messages/index.html.erb within layouts/application
  Rendered messages/_side_bar.html.erb (Duration: 0.0ms | Allocations: 6)
  Rendered messages/_main_chat.html.erb (Duration: 0.0ms | Allocations: 5)
  Rendered messages/index.html.erb within layouts/application (Duration: 0.3ms | Allocations: 147)
[Webpacker] Everything's up-to-date. Nothing to do
Completed 200 OK in 14ms (Views: 13.7ms | ActiveRecord: 0.0ms | Allocations: 5285)


Started GET "/" for ::1 at 2021-04-06 20:42:19 +0900
Processing by MessagesController#index as HTML
  Rendering messages/index.html.erb within layouts/application
  Rendered messages/_side_bar.html.erb (Duration: 0.0ms | Allocations: 6)
  Rendered messages/_main_chat.html.erb (Duration: 0.0ms | Allocations: 5)
  Rendered messages/index.html.erb within layouts/application (Duration: 0.3ms | Allocations: 147)
[Webpacker] Everything's up-to-date. Nothing to do
Completed 200 OK in 19ms (Views: 18.6ms | ActiveRecord: 0.0ms | Allocations: 8435)


Started GET "/" for ::1 at 2021-04-09 01:38:04 +0900
  [1m[35m (1.3ms)[0m  [1m[35mSET NAMES utf8,  @@SESSION.sql_mode = CONCAT(CONCAT(@@sql_mode, ',STRICT_ALL_TABLES'), ',NO_AUTO_VALUE_ON_ZERO'),  @@SESSION.sql_auto_is_null = 0, @@SESSION.wait_timeout = 2147483[0m
Processing by MessagesController#index as HTML
  Rendering messages/index.html.erb within layouts/application
  Rendered messages/_side_bar.html.erb (Duration: 0.2ms | Allocations: 6)
  Rendered messages/_main_chat.html.erb (Duration: 0.2ms | Allocations: 5)
  Rendered messages/index.html.erb within layouts/application (Duration: 3.1ms | Allocations: 147)
[Webpacker] Everything's up-to-date. Nothing to do
Completed 200 OK in 87ms (Views: 79.5ms | ActiveRecord: 0.0ms | Allocations: 8448)


Started GET "/" for ::1 at 2021-04-09 01:38:09 +0900
Processing by MessagesController#index as HTML
  Rendering messages/index.html.erb within layouts/application
  Rendered messages/_side_bar.html.erb (Duration: 0.1ms | Allocations: 6)
  Rendered messages/_main_chat.html.erb (Duration: 0.0ms | Allocations: 5)
  Rendered messages/index.html.erb within layouts/application (Duration: 0.6ms | Allocations: 147)
[Webpacker] Everything's up-to-date. Nothing to do
Completed 200 OK in 11ms (Views: 10.0ms | ActiveRecord: 0.0ms | Allocations: 5253)


Started GET "/" for ::1 at 2021-04-09 01:38:11 +0900
Processing by MessagesController#index as HTML
  Rendering messages/index.html.erb within layouts/application
  Rendered messages/_side_bar.html.erb (Duration: 0.0ms | Allocations: 6)
  Rendered messages/_main_chat.html.erb (Duration: 0.0ms | Allocations: 5)
  Rendered messages/index.html.erb within layouts/application (Duration: 0.5ms | Allocations: 147)
[Webpacker] Everything's up-to-date. Nothing to do
Completed 200 OK in 15ms (Views: 12.9ms | ActiveRecord: 0.0ms | Allocations: 5242)


Started GET "/" for ::1 at 2021-04-09 01:38:41 +0900
Processing by MessagesController#index as HTML
  Rendering messages/index.html.erb within layouts/application
  Rendered messages/_side_bar.html.erb (Duration: 0.0ms | Allocations: 6)
  Rendered messages/_main_chat.html.erb (Duration: 0.0ms | Allocations: 5)
  Rendered messages/index.html.erb within layouts/application (Duration: 0.3ms | Allocations: 147)
[Webpacker] Everything's up-to-date. Nothing to do
Completed 200 OK in 105ms (Views: 103.4ms | ActiveRecord: 0.0ms | Allocations: 5247)


Started GET "/" for ::1 at 2021-04-09 01:38:42 +0900
Processing by MessagesController#index as HTML
  Rendering messages/index.html.erb within layouts/application
  Rendered messages/_side_bar.html.erb (Duration: 0.0ms | Allocations: 6)
  Rendered messages/_main_chat.html.erb (Duration: 0.0ms | Allocations: 5)
  Rendered messages/index.html.erb within layouts/application (Duration: 0.3ms | Allocations: 147)
[Webpacker] Everything's up-to-date. Nothing to do
Completed 200 OK in 9ms (Views: 8.7ms | ActiveRecord: 0.0ms | Allocations: 5233)


Started GET "/" for ::1 at 2021-04-09 01:39:36 +0900
Processing by MessagesController#index as HTML
  Rendering messages/index.html.erb within layouts/application
  Rendered messages/_side_bar.html.erb (Duration: 0.7ms | Allocations: 101)
  Rendered messages/_main_chat.html.erb (Duration: 1.1ms | Allocations: 129)
  Rendered messages/index.html.erb within layouts/application (Duration: 4.2ms | Allocations: 768)
[Webpacker] Everything's up-to-date. Nothing to do
Completed 200 OK in 25ms (Views: 23.2ms | ActiveRecord: 0.0ms | Allocations: 6784)


Started GET "/" for ::1 at 2021-04-09 01:41:48 +0900
Processing by MessagesController#index as HTML
  Rendering messages/index.html.erb within layouts/application
  Rendered messages/_side_bar.html.erb (Duration: 0.6ms | Allocations: 101)
  Rendered messages/_main_chat.html.erb (Duration: 0.7ms | Allocations: 133)
  Rendered messages/index.html.erb within layouts/application (Duration: 5.3ms | Allocations: 764)
[Webpacker] Everything's up-to-date. Nothing to do
Completed 200 OK in 42ms (Views: 40.7ms | ActiveRecord: 0.0ms | Allocations: 10349)


Started GET "/" for ::1 at 2021-04-09 02:19:09 +0900
  [1m[35m (1.5ms)[0m  [1m[35mSET NAMES utf8,  @@SESSION.sql_mode = CONCAT(CONCAT(@@sql_mode, ',STRICT_ALL_TABLES'), ',NO_AUTO_VALUE_ON_ZERO'),  @@SESSION.sql_auto_is_null = 0, @@SESSION.wait_timeout = 2147483[0m
Processing by MessagesController#index as HTML
  Rendering messages/index.html.erb within layouts/application
  Rendered messages/_side_bar.html.erb (Duration: 0.6ms | Allocations: 101)
  Rendered messages/_main_chat.html.erb (Duration: 1.9ms | Allocations: 137)
  Rendered messages/index.html.erb within layouts/application (Duration: 4.3ms | Allocations: 768)
[Webpacker] Everything's up-to-date. Nothing to do
Completed 200 OK in 54ms (Views: 52.9ms | ActiveRecord: 0.0ms | Allocations: 9548)


